d:\ccpp\cocos\jjjjj\fplane-demo1.0 ypb\proj.win32\debug.win32\appdelegate.obj
d:\ccpp\cocos\jjjjj\fplane-demo1.0 ypb\proj.win32\debug.win32\flashscene.obj
d:\ccpp\cocos\jjjjj\fplane-demo1.0 ypb\proj.win32\debug.win32\introductionscene.obj
d:\ccpp\cocos\jjjjj\fplane-demo1.0 ypb\proj.win32\debug.win32\selectmapscene.obj
d:\ccpp\cocos\jjjjj\fplane-demo1.0 ypb\proj.win32\debug.win32\mybodyparser.obj
d:\ccpp\cocos\jjjjj\fplane-demo1.0 ypb\proj.win32\debug.win32\fplane.obj
d:\ccpp\cocos\jjjjj\fplane-demo1.0 ypb\proj.win32\debug.win32\homescene.obj
d:\ccpp\cocos\jjjjj\fplane-demo1.0 ypb\proj.win32\debug.win32\rungamescene.obj
d:\ccpp\cocos\jjjjj\fplane-demo1.0 ypb\proj.win32\debug.win32\exitscene.obj
d:\ccpp\cocos\jjjjj\fplane-demo1.0 ypb\proj.win32\debug.win32\gameoverscene.obj
d:\ccpp\cocos\jjjjj\fplane-demo1.0 ypb\proj.win32\debug.win32\main.obj
d:\ccpp\cocos\jjjjj\fplane-demo1.0 ypb\proj.win32\debug.win32\settingscene.obj
d:\ccpp\cocos\jjjjj\fplane-demo1.0 ypb\proj.win32\debug.win32\enemy.obj
d:\ccpp\cocos\jjjjj\fplane-demo1.0 ypb\proj.win32\debug.win32\helpscene.obj
d:\ccpp\cocos\jjjjj\fplane-demo1.0 ypb\proj.win32\debug.win32\mybullet.obj
d:\ccpp\cocos\jjjjj\fplane-demo1.0 ypb\proj.win32\debug.win32\vc140.pdb
d:\ccpp\cocos\jjjjj\fplane-demo1.0 ypb\proj.win32\debug.win32\vc140.idb
d:\ccpp\cocos\jjjjj\fplane-demo1.0 ypb - final\proj.win32\debug.win32\appdelegate.obj
d:\ccpp\cocos\jjjjj\fplane-demo1.0 ypb - final\proj.win32\debug.win32\flashscene.obj
d:\ccpp\cocos\jjjjj\fplane-demo1.0 ypb - final\proj.win32\debug.win32\introductionscene.obj
d:\ccpp\cocos\jjjjj\fplane-demo1.0 ypb - final\proj.win32\debug.win32\settingscene.obj
d:\ccpp\cocos\jjjjj\fplane-demo1.0 ypb - final\proj.win32\debug.win32\mybodyparser.obj
d:\ccpp\cocos\jjjjj\fplane-demo1.0 ypb - final\proj.win32\debug.win32\fplane.obj
d:\ccpp\cocos\jjjjj\fplane-demo1.0 ypb - final\proj.win32\debug.win32\homescene.obj
d:\ccpp\cocos\jjjjj\fplane-demo1.0 ypb - final\proj.win32\debug.win32\selectmapscene.obj
d:\ccpp\cocos\jjjjj\fplane-demo1.0 ypb - final\proj.win32\debug.win32\exitscene.obj
d:\ccpp\cocos\jjjjj\fplane-demo1.0 ypb - final\proj.win32\debug.win32\gameoverscene.obj
d:\ccpp\cocos\jjjjj\fplane-demo1.0 ypb - final\proj.win32\debug.win32\main.obj
d:\ccpp\cocos\jjjjj\fplane-demo1.0 ypb - final\proj.win32\debug.win32\rungamescene.obj
d:\ccpp\cocos\jjjjj\fplane-demo1.0 ypb - final\proj.win32\debug.win32\enemy.obj
d:\ccpp\cocos\jjjjj\fplane-demo1.0 ypb - final\proj.win32\debug.win32\helpscene.obj
d:\ccpp\cocos\jjjjj\fplane-demo1.0 ypb - final\proj.win32\debug.win32\mybullet.obj
d:\ccpp\cocos\jjjjj\fplane-demo1.0 ypb - final\proj.win32\debug.win32\vc140.pdb
d:\ccpp\cocos\jjjjj\fplane-demo1.0 ypb - final\proj.win32\debug.win32\vc140.idb
d:\ccpp\cocos\jjjjj\fplane-demo1.0 ypb\proj.win32\debug.win32\fplane-demo1.0.lib
d:\ccpp\cocos\jjjjj\fplane-demo1.0 ypb\proj.win32\debug.win32\fplane-demo1.0.exp
d:\ccpp\cocos\jjjjj\fplane-demo1.0 ypb - final\proj.win32\debug.win32\fplane-demo1.0.lib
d:\ccpp\cocos\jjjjj\fplane-demo1.0 ypb - final\proj.win32\debug.win32\fplane-demo1.0.exp
d:\ccpp\cocos\jjjjj\fplane-demo1.0 ypb - final\proj.win32\fplane-demo1.0.cab
d:\ccpp\cocos\jjjjj\fplane-demo1.0 ypb\proj.win32\debug.win32\fplane-demo1.0.ilk
d:\ccpp\cocos\jjjjj\fplane-demo1.0 ypb\proj.win32\debug.win32\fplane-demo1.0.exe
d:\ccpp\cocos\jjjjj\fplane-demo1.0 ypb\proj.win32\debug.win32\fplane-demo1.0.pdb
d:\ccpp\cocos\jjjjj\fplane-demo1.0 ypb - final\proj.win32\debug.win32\fplane-demo1.0.ilk
d:\ccpp\cocos\jjjjj\fplane-demo1.0 ypb - final\proj.win32\debug.win32\fplane-demo1.0.exe
d:\ccpp\cocos\jjjjj\fplane-demo1.0 ypb - final\proj.win32\debug.win32\fplane-demo1.0.pdb
d:\ccpp\cocos\jjjjj\fplane-demo1.0 ypb\proj.win32\debug.win32\game.res
d:\ccpp\cocos\jjjjj\fplane-demo1.0 ypb - final\proj.win32\debug.win32\game.res
d:\ccpp\cocos\jjjjj\fplane-demo1.0 ypb - final\proj.win32\debug.win32\fplane-demo1.0.tlog\cl.command.1.tlog
d:\ccpp\cocos\jjjjj\fplane-demo1.0 ypb - final\proj.win32\debug.win32\fplane-demo1.0.tlog\cl.read.1.tlog
d:\ccpp\cocos\jjjjj\fplane-demo1.0 ypb - final\proj.win32\debug.win32\fplane-demo1.0.tlog\cl.write.1.tlog
d:\ccpp\cocos\jjjjj\fplane-demo1.0 ypb - final\proj.win32\debug.win32\fplane-demo1.0.tlog\fplane-demo1.0.write.1u.tlog
d:\ccpp\cocos\jjjjj\fplane-demo1.0 ypb - final\proj.win32\debug.win32\fplane-demo1.0.tlog\link.command.1.tlog
d:\ccpp\cocos\jjjjj\fplane-demo1.0 ypb - final\proj.win32\debug.win32\fplane-demo1.0.tlog\link.read.1.tlog
d:\ccpp\cocos\jjjjj\fplane-demo1.0 ypb - final\proj.win32\debug.win32\fplane-demo1.0.tlog\link.write.1.tlog
d:\ccpp\cocos\jjjjj\fplane-demo1.0 ypb - final\proj.win32\debug.win32\fplane-demo1.0.tlog\rc.command.1.tlog
d:\ccpp\cocos\jjjjj\fplane-demo1.0 ypb - final\proj.win32\debug.win32\fplane-demo1.0.tlog\rc.read.1.tlog
d:\ccpp\cocos\jjjjj\fplane-demo1.0 ypb - final\proj.win32\debug.win32\fplane-demo1.0.tlog\rc.write.1.tlog
